[debug] [2019-09-01T09:19:07.237Z] ----------------------------------------------------------------------
[debug] [2019-09-01T09:19:07.239Z] Command:       C:\Program Files\nodejs\node.exe C:\Users\Clean\AppData\Roaming\npm\node_modules\firebase-tools\lib\bin\firebase.js serve --only functions,hosting
[debug] [2019-09-01T09:19:07.240Z] CLI Version:   7.3.0
[debug] [2019-09-01T09:19:07.240Z] Platform:      win32
[debug] [2019-09-01T09:19:07.240Z] Node Version:  v10.16.3
[debug] [2019-09-01T09:19:07.241Z] Time:          Sun Sep 01 2019 18:49:07 GMT+0930 (GMT+09:30)
[debug] [2019-09-01T09:19:07.241Z] ----------------------------------------------------------------------
[debug] 
[debug] [2019-09-01T09:19:07.249Z] > command requires scopes: ["email","openid","https://www.googleapis.com/auth/cloudplatformprojects.readonly","https://www.googleapis.com/auth/firebase","https://www.googleapis.com/auth/cloud-platform"]
[debug] [2019-09-01T09:19:07.249Z] > authorizing via signed-in user
[debug] [2019-09-01T09:19:07.249Z] [iam] checking project hireme-coder for permissions ["firebase.projects.get"]
[debug] [2019-09-01T09:19:07.251Z] >>> HTTP REQUEST POST https://cloudresourcemanager.googleapis.com/v1/projects/hireme-coder:testIamPermissions  

[debug] [2019-09-01T09:19:08.866Z] <<< HTTP RESPONSE 200
[debug] [2019-09-01T09:19:08.872Z] >>> HTTP REQUEST GET https://firebase.googleapis.com/v1beta1/projects/hireme-coder  
 
[debug] [2019-09-01T09:19:09.605Z] <<< HTTP RESPONSE 200
[debug] [2019-09-01T09:19:09.616Z] >>> HTTP REQUEST GET https://firebase.googleapis.com/v1beta1/projects/hireme-coder/webApps/-/config  
 
[warn] !  Your requested "node" version "8" doesn't match your global version "10"
[info] +  functions: Emulator started at http://localhost:5001
[debug] [2019-09-01T09:19:10.673Z] <<< HTTP RESPONSE 200
[info] i  functions: Watching "C:\Users\Clean\Documents\SEP_2019_PG5\code\hire-me-coder\functions" for Cloud Functions...
[info] i  hosting: Serving hosting files from: public
[info] +  hosting: Local server: http://localhost:5000
[debug] [2019-09-01T09:19:11.424Z] [runtime-status] Functions runtime initialized. {"cwd":"C:\\Users\\Clean\\Documents\\SEP_2019_PG5\\code\\hire-me-coder\\functions","node_version":"10.16.3"}
[debug] [2019-09-01T09:19:11.424Z] [runtime-status] Disabled runtime features: {"functions_config_helper":true,"network_filtering":true,"timeout":true,"memory_limiting":true,"admin_stubs":true} {}
[debug] [2019-09-01T09:19:11.427Z] [runtime-status] Resolved module firebase-admin {"declared":true,"installed":true,"version":"8.4.0","resolution":"C:\\Users\\Clean\\Documents\\SEP_2019_PG5\\code\\hire-me-coder\\functions\\node_modules\\firebase-admin\\lib\\index.js"}
[debug] [2019-09-01T09:19:11.429Z] [runtime-status] Resolved module firebase-functions {"declared":true,"installed":true,"version":"3.2.0","resolution":"C:\\Users\\Clean\\Documents\\SEP_2019_PG5\\code\\hire-me-coder\\functions\\node_modules\\firebase-functions\\lib\\index.js"}
[debug] [2019-09-01T09:19:11.430Z] [runtime-status] Resolved module firebase-functions {"declared":true,"installed":true,"version":"3.2.0","resolution":"C:\\Users\\Clean\\Documents\\SEP_2019_PG5\\code\\hire-me-coder\\functions\\node_modules\\firebase-functions\\lib\\index.js"}
[debug] [2019-09-01T09:22:08.824Z] File C:\Users\Clean\Documents\SEP_2019_PG5\code\hire-me-coder\functions\index.js changed, reloading triggers
[debug] [2019-09-01T09:22:10.334Z] [runtime-status] Functions runtime initialized. {"cwd":"C:\\Users\\Clean\\Documents\\SEP_2019_PG5\\code\\hire-me-coder\\functions","node_version":"10.16.3"}
[debug] [2019-09-01T09:22:10.335Z] [runtime-status] Disabled runtime features: {"functions_config_helper":true,"network_filtering":true,"timeout":true,"memory_limiting":true,"admin_stubs":true} {}
[debug] [2019-09-01T09:22:10.338Z] [runtime-status] Resolved module firebase-admin {"declared":true,"installed":true,"version":"8.4.0","resolution":"C:\\Users\\Clean\\Documents\\SEP_2019_PG5\\code\\hire-me-coder\\functions\\node_modules\\firebase-admin\\lib\\index.js"}
[debug] [2019-09-01T09:22:10.340Z] [runtime-status] Resolved module firebase-functions {"declared":true,"installed":true,"version":"3.2.0","resolution":"C:\\Users\\Clean\\Documents\\SEP_2019_PG5\\code\\hire-me-coder\\functions\\node_modules\\firebase-functions\\lib\\index.js"}
[debug] [2019-09-01T09:22:10.340Z] [runtime-status] Resolved module firebase-functions {"declared":true,"installed":true,"version":"3.2.0","resolution":"C:\\Users\\Clean\\Documents\\SEP_2019_PG5\\code\\hire-me-coder\\functions\\node_modules\\firebase-functions\\lib\\index.js"}
[warn] !  functions: TypeError: mod.hasOwnProperty is not a function
    at extractTriggers (C:\Users\Clean\AppData\Roaming\npm\node_modules\firebase-tools\lib\extractTriggers.js:5:17)
    at extractTriggers (C:\Users\Clean\AppData\Roaming\npm\node_modules\firebase-tools\lib\extractTriggers.js:22:17)
    at C:\Users\Clean\AppData\Roaming\npm\node_modules\firebase-tools\lib\emulator\functionsEmulatorRuntime.js:667:38
    at Generator.next (<anonymous>)
    at fulfilled (C:\Users\Clean\AppData\Roaming\npm\node_modules\firebase-tools\lib\emulator\functionsEmulatorRuntime.js:4:58)
    at process._tickCallback (internal/process/next_tick.js:68:7)
    at Function.Module.runMain (internal/modules/cjs/loader.js:834:11)
    at startup (internal/bootstrap/node.js:283:19)
    at bootstrapNodeJSCore (internal/bootstrap/node.js:622:3)
[warn] !  Your function was killed because it raised an unhandled error.
[debug] [2019-09-01T09:22:50.586Z] File C:\Users\Clean\Documents\SEP_2019_PG5\code\hire-me-coder\functions\index.js changed, reloading triggers
[debug] [2019-09-01T09:22:52.130Z] [runtime-status] Functions runtime initialized. {"cwd":"C:\\Users\\Clean\\Documents\\SEP_2019_PG5\\code\\hire-me-coder\\functions","node_version":"10.16.3"}
[debug] [2019-09-01T09:22:52.130Z] [runtime-status] Disabled runtime features: {"functions_config_helper":true,"network_filtering":true,"timeout":true,"memory_limiting":true,"admin_stubs":true} {}
[debug] [2019-09-01T09:22:52.133Z] [runtime-status] Resolved module firebase-admin {"declared":true,"installed":true,"version":"8.4.0","resolution":"C:\\Users\\Clean\\Documents\\SEP_2019_PG5\\code\\hire-me-coder\\functions\\node_modules\\firebase-admin\\lib\\index.js"}
[debug] [2019-09-01T09:22:52.135Z] [runtime-status] Resolved module firebase-functions {"declared":true,"installed":true,"version":"3.2.0","resolution":"C:\\Users\\Clean\\Documents\\SEP_2019_PG5\\code\\hire-me-coder\\functions\\node_modules\\firebase-functions\\lib\\index.js"}
[debug] [2019-09-01T09:22:52.136Z] [runtime-status] Resolved module firebase-functions {"declared":true,"installed":true,"version":"3.2.0","resolution":"C:\\Users\\Clean\\Documents\\SEP_2019_PG5\\code\\hire-me-coder\\functions\\node_modules\\firebase-functions\\lib\\index.js"}
[info] +  functions[app]: http function initialized (http://localhost:5001/hireme-coder/us-central1/app).
[debug] [2019-09-01T09:25:29.232Z] File C:\Users\Clean\Documents\SEP_2019_PG5\code\hire-me-coder\functions\package.json changed, reloading triggers
[debug] [2019-09-01T09:25:30.724Z] [runtime-status] Functions runtime initialized. {"cwd":"C:\\Users\\Clean\\Documents\\SEP_2019_PG5\\code\\hire-me-coder\\functions","node_version":"10.16.3"}
[debug] [2019-09-01T09:25:30.724Z] [runtime-status] Disabled runtime features: {"functions_config_helper":true,"network_filtering":true,"timeout":true,"memory_limiting":true,"admin_stubs":true} {}
[debug] [2019-09-01T09:25:30.728Z] [runtime-status] Resolved module firebase-admin {"declared":true,"installed":true,"version":"8.4.0","resolution":"C:\\Users\\Clean\\Documents\\SEP_2019_PG5\\code\\hire-me-coder\\functions\\node_modules\\firebase-admin\\lib\\index.js"}
[debug] [2019-09-01T09:25:30.729Z] [runtime-status] Resolved module firebase-functions {"declared":true,"installed":true,"version":"3.2.0","resolution":"C:\\Users\\Clean\\Documents\\SEP_2019_PG5\\code\\hire-me-coder\\functions\\node_modules\\firebase-functions\\lib\\index.js"}
[debug] [2019-09-01T09:25:30.730Z] [runtime-status] Resolved module firebase-functions {"declared":true,"installed":true,"version":"3.2.0","resolution":"C:\\Users\\Clean\\Documents\\SEP_2019_PG5\\code\\hire-me-coder\\functions\\node_modules\\firebase-functions\\lib\\index.js"}
[info] [hosting] Rewriting /users/login to http://localhost:5001/hireme-coder/us-central1/app for local Function app
[debug] [2019-09-01T09:26:20.270Z] Accepted request GET /hireme-coder/us-central1/app/users/login --> app
[debug] [2019-09-01T09:26:20.784Z] [runtime-status] Functions runtime initialized. {"cwd":"C:\\Users\\Clean\\Documents\\SEP_2019_PG5\\code\\hire-me-coder\\functions","node_version":"10.16.3"}
[info] i  functions: Beginning execution of "app"
[debug] [2019-09-01T09:26:20.785Z] [runtime-status] Disabled runtime features: {"functions_config_helper":true,"network_filtering":true,"timeout":true,"memory_limiting":true,"admin_stubs":true} {}
[debug] [2019-09-01T09:26:20.788Z] [runtime-status] Resolved module firebase-admin {"declared":true,"installed":true,"version":"8.4.0","resolution":"C:\\Users\\Clean\\Documents\\SEP_2019_PG5\\code\\hire-me-coder\\functions\\node_modules\\firebase-admin\\lib\\index.js"}
[debug] [2019-09-01T09:26:20.790Z] [runtime-status] Resolved module firebase-functions {"declared":true,"installed":true,"version":"3.2.0","resolution":"C:\\Users\\Clean\\Documents\\SEP_2019_PG5\\code\\hire-me-coder\\functions\\node_modules\\firebase-functions\\lib\\index.js"}
[debug] [2019-09-01T09:26:20.790Z] [runtime-status] Resolved module firebase-functions {"declared":true,"installed":true,"version":"3.2.0","resolution":"C:\\Users\\Clean\\Documents\\SEP_2019_PG5\\code\\hire-me-coder\\functions\\node_modules\\firebase-functions\\lib\\index.js"}
[debug] [2019-09-01T09:26:21.126Z] [runtime-status] Trigger "app" has been found, beginning invocation! {}
[debug] [2019-09-01T09:26:21.126Z] [runtime-status]  {"httpsTrigger":{},"name":"app","entryPoint":"app"}
[debug] [2019-09-01T09:26:21.127Z] [runtime-status] Running app in mode HTTPS {}
[debug] [2019-09-01T09:26:21.133Z] {"socketPath":"\\\\?\\pipe\\C:\\Users\\Clean\\Documents\\SEP_2019_PG5\\code\\hire-me-coder\\functions\\17632"}
[debug] [2019-09-01T09:26:21.136Z] [functions] Runtime ready! Sending request! {"socketPath":"\\\\?\\pipe\\C:\\Users\\Clean\\Documents\\SEP_2019_PG5\\code\\hire-me-coder\\functions\\17632"}
[debug] [2019-09-01T09:26:21.141Z] [runtime-status] Ephemeral server used! {}
[debug] [2019-09-01T09:26:21.146Z] [runtime-status] Ephemeral server survived. {}
[info] [hosting] Rewriting /users to http://localhost:5001/hireme-coder/us-central1/app for local Function app
[debug] [2019-09-01T09:26:25.970Z] Accepted request GET /hireme-coder/us-central1/app/users --> app
[debug] [2019-09-01T09:26:26.539Z] [runtime-status] Functions runtime initialized. {"cwd":"C:\\Users\\Clean\\Documents\\SEP_2019_PG5\\code\\hire-me-coder\\functions","node_version":"10.16.3"}
[info] i  functions: Beginning execution of "app"
[debug] [2019-09-01T09:26:26.540Z] [runtime-status] Disabled runtime features: {"functions_config_helper":true,"network_filtering":true,"timeout":true,"memory_limiting":true,"admin_stubs":true} {}
[debug] [2019-09-01T09:26:26.543Z] [runtime-status] Resolved module firebase-admin {"declared":true,"installed":true,"version":"8.4.0","resolution":"C:\\Users\\Clean\\Documents\\SEP_2019_PG5\\code\\hire-me-coder\\functions\\node_modules\\firebase-admin\\lib\\index.js"}
[debug] [2019-09-01T09:26:26.545Z] [runtime-status] Resolved module firebase-functions {"declared":true,"installed":true,"version":"3.2.0","resolution":"C:\\Users\\Clean\\Documents\\SEP_2019_PG5\\code\\hire-me-coder\\functions\\node_modules\\firebase-functions\\lib\\index.js"}
[debug] [2019-09-01T09:26:26.546Z] [runtime-status] Resolved module firebase-functions {"declared":true,"installed":true,"version":"3.2.0","resolution":"C:\\Users\\Clean\\Documents\\SEP_2019_PG5\\code\\hire-me-coder\\functions\\node_modules\\firebase-functions\\lib\\index.js"}
[info] >  GET /hireme-coder/us-central1/app/users/login 404 5561.928 ms - 6955
[info] i  functions: Finished "app" in ~1s
[debug] [2019-09-01T09:26:26.901Z] [runtime-status] Trigger "app" has been found, beginning invocation! {}
[debug] [2019-09-01T09:26:26.901Z] [runtime-status]  {"httpsTrigger":{},"name":"app","entryPoint":"app"}
[debug] [2019-09-01T09:26:26.901Z] [runtime-status] Running app in mode HTTPS {}
[debug] [2019-09-01T09:26:26.907Z] {"socketPath":"\\\\?\\pipe\\C:\\Users\\Clean\\Documents\\SEP_2019_PG5\\code\\hire-me-coder\\functions\\18000"}
[debug] [2019-09-01T09:26:26.908Z] [functions] Runtime ready! Sending request! {"socketPath":"\\\\?\\pipe\\C:\\Users\\Clean\\Documents\\SEP_2019_PG5\\code\\hire-me-coder\\functions\\18000"}
[debug] [2019-09-01T09:26:26.914Z] [runtime-status] Ephemeral server used! {}
[debug] [2019-09-01T09:26:26.920Z] [runtime-status] Ephemeral server survived. {}
[info] >  GET /hireme-coder/us-central1/app/users 404 504.962 ms - 6955
[info] i  functions: Finished "app" in ~1s
[info] [hosting] Rewriting /users/manage-users to http://localhost:5001/hireme-coder/us-central1/app for local Function app
[debug] [2019-09-01T09:26:39.241Z] Accepted request GET /hireme-coder/us-central1/app/users/manage-users --> app
[debug] [2019-09-01T09:26:39.777Z] [runtime-status] Functions runtime initialized. {"cwd":"C:\\Users\\Clean\\Documents\\SEP_2019_PG5\\code\\hire-me-coder\\functions","node_version":"10.16.3"}
[info] i  functions: Beginning execution of "app"
[debug] [2019-09-01T09:26:39.779Z] [runtime-status] Disabled runtime features: {"functions_config_helper":true,"network_filtering":true,"timeout":true,"memory_limiting":true,"admin_stubs":true} {}
[debug] [2019-09-01T09:26:39.782Z] [runtime-status] Resolved module firebase-admin {"declared":true,"installed":true,"version":"8.4.0","resolution":"C:\\Users\\Clean\\Documents\\SEP_2019_PG5\\code\\hire-me-coder\\functions\\node_modules\\firebase-admin\\lib\\index.js"}
[debug] [2019-09-01T09:26:39.783Z] [runtime-status] Resolved module firebase-functions {"declared":true,"installed":true,"version":"3.2.0","resolution":"C:\\Users\\Clean\\Documents\\SEP_2019_PG5\\code\\hire-me-coder\\functions\\node_modules\\firebase-functions\\lib\\index.js"}
[debug] [2019-09-01T09:26:39.784Z] [runtime-status] Resolved module firebase-functions {"declared":true,"installed":true,"version":"3.2.0","resolution":"C:\\Users\\Clean\\Documents\\SEP_2019_PG5\\code\\hire-me-coder\\functions\\node_modules\\firebase-functions\\lib\\index.js"}
[debug] [2019-09-01T09:26:40.121Z] [runtime-status] Trigger "app" has been found, beginning invocation! {}
[debug] [2019-09-01T09:26:40.121Z] [runtime-status]  {"httpsTrigger":{},"name":"app","entryPoint":"app"}
[debug] [2019-09-01T09:26:40.121Z] [runtime-status] Running app in mode HTTPS {}
[debug] [2019-09-01T09:26:40.128Z] {"socketPath":"\\\\?\\pipe\\C:\\Users\\Clean\\Documents\\SEP_2019_PG5\\code\\hire-me-coder\\functions\\16588"}
[debug] [2019-09-01T09:26:40.130Z] [functions] Runtime ready! Sending request! {"socketPath":"\\\\?\\pipe\\C:\\Users\\Clean\\Documents\\SEP_2019_PG5\\code\\hire-me-coder\\functions\\16588"}
[debug] [2019-09-01T09:26:40.135Z] [runtime-status] Ephemeral server used! {}
[debug] [2019-09-01T09:26:40.140Z] [runtime-status] Ephemeral server survived. {}
[info] >  GET /hireme-coder/us-central1/app/users/manage-users 200 7671.634 ms - 10573
[info] i  functions: Finished "app" in ~3s
[info] [hosting] Rewriting /users/manage-users to http://localhost:5001/hireme-coder/us-central1/app for local Function app
[debug] [2019-09-01T09:42:34.201Z] Accepted request GET /hireme-coder/us-central1/app/users/manage-users --> app
[debug] [2019-09-01T09:42:38.687Z] [runtime-status] Functions runtime initialized. {"cwd":"C:\\Users\\Clean\\Documents\\SEP_2019_PG5\\code\\hire-me-coder\\functions","node_version":"10.16.3"}
[info] i  functions: Beginning execution of "app"
[debug] [2019-09-01T09:42:38.689Z] [runtime-status] Disabled runtime features: {"functions_config_helper":true,"network_filtering":true,"timeout":true,"memory_limiting":true,"admin_stubs":true} {}
[debug] [2019-09-01T09:42:38.761Z] [runtime-status] Resolved module firebase-admin {"declared":true,"installed":true,"version":"8.4.0","resolution":"C:\\Users\\Clean\\Documents\\SEP_2019_PG5\\code\\hire-me-coder\\functions\\node_modules\\firebase-admin\\lib\\index.js"}
[debug] [2019-09-01T09:42:38.781Z] [runtime-status] Resolved module firebase-functions {"declared":true,"installed":true,"version":"3.2.0","resolution":"C:\\Users\\Clean\\Documents\\SEP_2019_PG5\\code\\hire-me-coder\\functions\\node_modules\\firebase-functions\\lib\\index.js"}
[debug] [2019-09-01T09:42:38.783Z] [runtime-status] Resolved module firebase-functions {"declared":true,"installed":true,"version":"3.2.0","resolution":"C:\\Users\\Clean\\Documents\\SEP_2019_PG5\\code\\hire-me-coder\\functions\\node_modules\\firebase-functions\\lib\\index.js"}
[debug] [2019-09-01T09:42:45.755Z] [runtime-status] Trigger "app" has been found, beginning invocation! {}
[debug] [2019-09-01T09:42:45.756Z] [runtime-status]  {"httpsTrigger":{},"name":"app","entryPoint":"app"}
[debug] [2019-09-01T09:42:45.756Z] [runtime-status] Running app in mode HTTPS {}
[debug] [2019-09-01T09:42:45.776Z] {"socketPath":"\\\\?\\pipe\\C:\\Users\\Clean\\Documents\\SEP_2019_PG5\\code\\hire-me-coder\\functions\\17812"}
[debug] [2019-09-01T09:42:45.779Z] [functions] Runtime ready! Sending request! {"socketPath":"\\\\?\\pipe\\C:\\Users\\Clean\\Documents\\SEP_2019_PG5\\code\\hire-me-coder\\functions\\17812"}
[debug] [2019-09-01T09:42:45.794Z] [runtime-status] Ephemeral server used! {}
[debug] [2019-09-01T09:42:45.802Z] [runtime-status] Ephemeral server survived. {}
[info] >  GET /hireme-coder/us-central1/app/users/manage-users 200 11280.360 ms - 10573
[info] i  functions: Finished "app" in ~2s
